This file contains any messages produced by compilers while
running configure, to aid debugging if configure makes a mistake.

It was created by libffi configure 3.2.1, which was
generated by GNU Autoconf 2.69.  Invocation command line was

  $ ../configure -host x86_64-apple-darwin10

## --------- ##
## Platform. ##
## --------- ##

hostname = cyborg.home
uname -m = x86_64
uname -r = 14.1.0
uname -s = Darwin
uname -v = Darwin Kernel Version 14.1.0: Fri Dec  5 06:49:27 PST 2014; root:xnu-2782.10.67~9/RELEASE_X86_64

/usr/bin/uname -p = i386
/bin/uname -X     = unknown

/bin/arch              = unknown
/usr/bin/arch -k       = unknown
/usr/convex/getsysinfo = unknown
/usr/bin/hostinfo      = Mach kernel version:
	 Darwin Kernel Version 14.1.0: Fri Dec  5 06:49:27 PST 2014; root:xnu-2782.10.67~9/RELEASE_X86_64
Kernel configured for up to 8 processors.
4 processors are physically available.
8 processors are logically available.
Processor type: x86_64h (Intel x86-64h Haswell)
Processors active: 0 1 2 3 4 5 6 7
Primary memory available: 16.00 gigabytes
Default processor set: 261 tasks, 1307 threads, 8 processors
Load average: 2.22, Mach factor: 5.77
/bin/machine           = unknown
/usr/bin/oslevel       = unknown
/bin/universe          = unknown

PATH: /usr/gnu/bin
PATH: /usr/local/bin
PATH: /bin
PATH: /usr/bin
PATH: .


## ----------- ##
## Core tests. ##
## ----------- ##

configure:2745: checking build system type
configure:2759: result: x86_64-apple-darwin14.1.0
configure:2779: checking host system type
configure:2792: result: x86_64-apple-darwin10
configure:2812: checking target system type
configure:2825: result: x86_64-apple-darwin10
configure:2922: checking for gsed
configure:2953: result: sed
configure:2981: checking for a BSD-compatible install
configure:3049: result: /usr/bin/install -c
configure:3060: checking whether build environment is sane
configure:3115: result: yes
configure:3171: checking for x86_64-apple-darwin10-strip
configure:3201: result: no
configure:3211: checking for strip
configure:3227: found /usr/bin/strip
configure:3238: result: strip
configure:3263: checking for a thread-safe mkdir -p
configure:3302: result: ../install-sh -c -d
configure:3309: checking for gawk
configure:3339: result: no
configure:3309: checking for mawk
configure:3339: result: no
configure:3309: checking for nawk
configure:3339: result: no
configure:3309: checking for awk
configure:3325: found /usr/bin/awk
configure:3336: result: awk
configure:3347: checking whether make sets $(MAKE)
configure:3369: result: yes
configure:3398: checking whether make supports nested variables
configure:3415: result: yes
configure:3518: checking for x86_64-apple-darwin10-gcc
configure:3545: result: xcrun -sdk macosx clang -arch x86_64
configure:3814: checking for C compiler version
configure:3823: xcrun -sdk macosx clang -arch x86_64 --version >&5
Apple LLVM version 6.0 (clang-600.0.56) (based on LLVM 3.5svn)
Target: x86_64-apple-darwin14.1.0
Thread model: posix
configure:3834: $? = 0
configure:3823: xcrun -sdk macosx clang -arch x86_64 -v >&5
Apple LLVM version 6.0 (clang-600.0.56) (based on LLVM 3.5svn)
Target: x86_64-apple-darwin14.1.0
Thread model: posix
configure:3834: $? = 0
configure:3823: xcrun -sdk macosx clang -arch x86_64 -V >&5
clang: error: argument to '-V' is missing (expected 1 value)
clang: error: no input files
configure:3834: $? = 1
configure:3823: xcrun -sdk macosx clang -arch x86_64 -qversion >&5
clang: error: unknown argument: '-qversion'
clang: error: no input files
configure:3834: $? = 1
configure:3854: checking whether the C compiler works
configure:3876: xcrun -sdk macosx clang -arch x86_64 -mmacosx-version-min=10.6   conftest.c  >&5
configure:3880: $? = 0
configure:3928: result: yes
configure:3931: checking for C compiler default output file name
configure:3933: result: a.out
configure:3939: checking for suffix of executables
configure:3946: xcrun -sdk macosx clang -arch x86_64 -o conftest -mmacosx-version-min=10.6   conftest.c  >&5
configure:3950: $? = 0
configure:3972: result: 
configure:3994: checking whether we are cross compiling
configure:4002: xcrun -sdk macosx clang -arch x86_64 -o conftest -mmacosx-version-min=10.6   conftest.c  >&5
configure:4006: $? = 0
configure:4013: ./conftest
configure:4017: $? = 0
configure:4032: result: no
configure:4037: checking for suffix of object files
configure:4059: xcrun -sdk macosx clang -arch x86_64 -c -mmacosx-version-min=10.6  conftest.c >&5
configure:4063: $? = 0
configure:4084: result: o
configure:4088: checking whether we are using the GNU C compiler
configure:4107: xcrun -sdk macosx clang -arch x86_64 -c -mmacosx-version-min=10.6  conftest.c >&5
configure:4107: $? = 0
configure:4116: result: yes
configure:4125: checking whether xcrun -sdk macosx clang -arch x86_64 accepts -g
configure:4145: xcrun -sdk macosx clang -arch x86_64 -c -g  conftest.c >&5
configure:4145: $? = 0
configure:4186: result: yes
configure:4203: checking for xcrun -sdk macosx clang -arch x86_64 option to accept ISO C89
configure:4266: xcrun -sdk macosx clang -arch x86_64  -c -mmacosx-version-min=10.6  conftest.c >&5
configure:4266: $? = 0
configure:4279: result: none needed
configure:4310: checking for style of include used by make
configure:4338: result: GNU
configure:4364: checking dependency style of xcrun -sdk macosx clang -arch x86_64
configure:4475: result: gcc3
configure:4504: checking for x86_64-apple-darwin10-g++
configure:4534: result: no
configure:4504: checking for x86_64-apple-darwin10-c++
configure:4534: result: no
configure:4504: checking for x86_64-apple-darwin10-gpp
configure:4534: result: no
configure:4504: checking for x86_64-apple-darwin10-aCC
configure:4534: result: no
configure:4504: checking for x86_64-apple-darwin10-CC
configure:4534: result: no
configure:4504: checking for x86_64-apple-darwin10-cxx
configure:4534: result: no
configure:4504: checking for x86_64-apple-darwin10-cc++
configure:4534: result: no
configure:4504: checking for x86_64-apple-darwin10-cl.exe
configure:4534: result: no
configure:4504: checking for x86_64-apple-darwin10-FCC
configure:4534: result: no
configure:4504: checking for x86_64-apple-darwin10-KCC
configure:4534: result: no
configure:4504: checking for x86_64-apple-darwin10-RCC
configure:4534: result: no
configure:4504: checking for x86_64-apple-darwin10-xlC_r
configure:4534: result: no
configure:4504: checking for x86_64-apple-darwin10-xlC
configure:4534: result: no
configure:4548: checking for g++
configure:4564: found /usr/bin/g++
configure:4575: result: g++
configure:4602: checking for C++ compiler version
configure:4611: g++ --version >&5
Apple LLVM version 6.0 (clang-600.0.56) (based on LLVM 3.5svn)
Target: x86_64-apple-darwin14.1.0
Thread model: posix
Configured with: --prefix=/Applications/Xcode.app/Contents/Developer/usr --with-gxx-include-dir=/Applications/Xcode.app/Contents/Developer/Platforms/MacOSX.platform/Developer/SDKs/MacOSX10.10.sdk/usr/include/c++/4.2.1
configure:4622: $? = 0
configure:4611: g++ -v >&5
Configured with: --prefix=/Applications/Xcode.app/Contents/Developer/usr --with-gxx-include-dir=/Applications/Xcode.app/Contents/Developer/Platforms/MacOSX.platform/Developer/SDKs/MacOSX10.10.sdk/usr/include/c++/4.2.1
Apple LLVM version 6.0 (clang-600.0.56) (based on LLVM 3.5svn)
Target: x86_64-apple-darwin14.1.0
Thread model: posix
configure:4622: $? = 0
configure:4611: g++ -V >&5
clang: error: argument to '-V' is missing (expected 1 value)
clang: error: no input files
configure:4622: $? = 1
configure:4611: g++ -qversion >&5
clang: error: unknown argument: '-qversion'
clang: error: no input files
configure:4622: $? = 1
configure:4626: checking whether we are using the GNU C++ compiler
configure:4645: g++ -c   conftest.cpp >&5
configure:4645: $? = 0
configure:4654: result: yes
configure:4663: checking whether g++ accepts -g
configure:4683: g++ -c -g  conftest.cpp >&5
configure:4683: $? = 0
configure:4724: result: yes
configure:4749: checking dependency style of g++
configure:4860: result: gcc3
configure:4890: checking dependency style of xcrun -sdk macosx clang -arch x86_64
configure:4999: result: gcc3
configure:5015: checking whether xcrun -sdk macosx clang -arch x86_64 and cc understand -c and -o together
configure:5046: xcrun -sdk macosx clang -arch x86_64 -c conftest.c -o conftest2.o >&5
configure:5050: $? = 0
configure:5056: xcrun -sdk macosx clang -arch x86_64 -c conftest.c -o conftest2.o >&5
configure:5060: $? = 0
configure:5071: cc -c conftest.c >&5
configure:5075: $? = 0
configure:5083: cc -c conftest.c -o conftest2.o >&5
configure:5087: $? = 0
configure:5093: cc -c conftest.c -o conftest2.o >&5
configure:5097: $? = 0
configure:5115: result: yes
configure:5186: checking how to print strings
configure:5213: result: printf
configure:5234: checking for a sed that does not truncate output
configure:5298: result: /usr/bin/sed
configure:5316: checking for grep that handles long lines and -e
configure:5374: result: /usr/bin/grep
configure:5379: checking for egrep
configure:5441: result: /usr/bin/grep -E
configure:5446: checking for fgrep
configure:5508: result: /usr/bin/grep -F
configure:5543: checking for ld used by xcrun -sdk macosx clang -arch x86_64
configure:5610: result: xcrun -sdk macosx ld -arch x86_64
configure:5617: checking if the linker (xcrun -sdk macosx ld -arch x86_64) is GNU ld
configure:5632: result: no
configure:5644: checking for BSD- or MS-compatible name lister (nm)
configure:5693: result: no
configure:5707: checking for x86_64-apple-darwin10-dumpbin
configure:5737: result: no
configure:5707: checking for x86_64-apple-darwin10-link
configure:5737: result: no
configure:5751: checking for dumpbin
configure:5781: result: no
configure:5751: checking for link
configure:5767: found /bin/link
configure:5778: result: link -dump
configure:5823: checking the name lister (nm) interface
configure:5830: xcrun -sdk macosx clang -arch x86_64 -c -mmacosx-version-min=10.6  conftest.c >&5
configure:5833: nm "conftest.o"
configure:5836: output
0000000000000000 S _some_variable
configure:5843: result: BSD nm
configure:5846: checking whether ln -s works
configure:5850: result: yes
configure:5858: checking the maximum length of command line arguments
configure:5988: result: 196608
configure:6005: checking whether the shell understands some XSI constructs
configure:6015: result: yes
configure:6019: checking whether the shell understands "+="
configure:6025: result: yes
configure:6060: checking how to convert x86_64-apple-darwin14.1.0 file names to x86_64-apple-darwin10 format
configure:6100: result: func_convert_file_noop
configure:6107: checking how to convert x86_64-apple-darwin14.1.0 file names to toolchain format
configure:6127: result: func_convert_file_noop
configure:6134: checking for xcrun -sdk macosx ld -arch x86_64 option to reload object files
configure:6141: result: -r
configure:6175: checking for x86_64-apple-darwin10-objdump
configure:6205: result: no
configure:6215: checking for objdump
configure:6245: result: no
configure:6274: checking how to recognize dependent libraries
configure:6476: result: pass_all
configure:6521: checking for x86_64-apple-darwin10-dlltool
configure:6551: result: no
configure:6561: checking for dlltool
configure:6591: result: no
configure:6621: checking how to associate runtime and link libraries
configure:6648: result: printf %s\n
configure:6665: checking for x86_64-apple-darwin10-ar
configure:6695: result: no
configure:6709: checking for ar
configure:6725: found /usr/bin/ar
configure:6736: result: ar
configure:6773: checking for archiver @FILE support
configure:6790: xcrun -sdk macosx clang -arch x86_64 -c -mmacosx-version-min=10.6  conftest.c >&5
configure:6790: $? = 0
configure:6793: ar cru libconftest.a @conftest.lst >&5
ar: @conftest.lst: No such file or directory
configure:6796: $? = 1
configure:6816: result: no
configure:6834: checking for x86_64-apple-darwin10-strip
configure:6861: result: strip
configure:6933: checking for x86_64-apple-darwin10-ranlib
configure:6963: result: no
configure:6973: checking for ranlib
configure:6989: found /usr/bin/ranlib
configure:7000: result: ranlib
configure:7102: checking command to parse nm output from xcrun -sdk macosx clang -arch x86_64 object
configure:7222: xcrun -sdk macosx clang -arch x86_64 -c -mmacosx-version-min=10.6  conftest.c >&5
configure:7225: $? = 0
configure:7229: nm conftest.o \| sed -n -e 's/^.*[ ]\([BCDEGRST][BCDEGRST]*\)[ ][ ]*\([_A-Za-z][_A-Za-z0-9]*\)$/\1 \2 \2/p' | sed '/ __gnu_lto/d' \> conftest.nm
configure:7232: $? = 0
cannot find nm_test_var in conftest.nm
configure:7222: xcrun -sdk macosx clang -arch x86_64 -c -mmacosx-version-min=10.6  conftest.c >&5
configure:7225: $? = 0
configure:7229: nm conftest.o \| sed -n -e 's/^.*[ ]\([BCDEGRST][BCDEGRST]*\)[ ][ ]*_\([_A-Za-z][_A-Za-z0-9]*\)$/\1 _\2 \2/p' | sed '/ __gnu_lto/d' \> conftest.nm
configure:7232: $? = 0
configure:7298: xcrun -sdk macosx clang -arch x86_64 -o conftest -mmacosx-version-min=10.6   conftest.c conftstm.o >&5
configure:7301: $? = 0
configure:7339: result: ok
configure:7376: checking for sysroot
configure:7406: result: no
configure:7622: checking for x86_64-apple-darwin10-mt
configure:7652: result: no
configure:7662: checking for mt
configure:7692: result: no
configure:7712: checking if : is a manifest tool
configure:7718: : '-?'
configure:7726: result: no
configure:7742: checking for x86_64-apple-darwin10-dsymutil
configure:7772: result: no
configure:7782: checking for dsymutil
configure:7798: found /usr/bin/dsymutil
configure:7809: result: dsymutil
configure:7834: checking for x86_64-apple-darwin10-nmedit
configure:7864: result: no
configure:7874: checking for nmedit
configure:7890: found /usr/bin/nmedit
configure:7901: result: nmedit
configure:7926: checking for x86_64-apple-darwin10-lipo
configure:7956: result: no
configure:7966: checking for lipo
configure:7982: found /usr/bin/lipo
configure:7993: result: lipo
configure:8018: checking for x86_64-apple-darwin10-otool
configure:8048: result: no
configure:8058: checking for otool
configure:8074: found /usr/bin/otool
configure:8085: result: otool
configure:8110: checking for x86_64-apple-darwin10-otool64
configure:8140: result: no
configure:8150: checking for otool64
configure:8180: result: no
configure:8225: checking for -single_module linker flag
xcrun -sdk macosx clang -arch x86_64 -mmacosx-version-min=10.6  -o libconftest.dylib -dynamiclib -Wl,-single_module conftest.c
configure:8258: result: yes
configure:8261: checking for -exported_symbols_list linker flag
configure:8281: xcrun -sdk macosx clang -arch x86_64 -o conftest -mmacosx-version-min=10.6   -Wl,-exported_symbols_list,conftest.sym conftest.c  >&5
configure:8281: $? = 0
configure:8291: result: yes
configure:8294: checking for -force_load linker flag
xcrun -sdk macosx clang -arch x86_64 -mmacosx-version-min=10.6 -c -o conftest.o conftest.c
ar cru libconftest.a conftest.o
ranlib libconftest.a
xcrun -sdk macosx clang -arch x86_64 -mmacosx-version-min=10.6  -o conftest conftest.c -Wl,-force_load,./libconftest.a
configure:8326: result: yes
configure:8368: checking how to run the C preprocessor
configure:8399: xcrun -sdk macosx clang -arch x86_64 -E  conftest.c
configure:8399: $? = 0
configure:8413: xcrun -sdk macosx clang -arch x86_64 -E  conftest.c
conftest.c:11:10: fatal error: 'ac_nonexistent.h' file not found
#include <ac_nonexistent.h>
         ^
1 error generated.
configure:8413: $? = 1
configure: failed program was:
| /* confdefs.h */
| #define PACKAGE_NAME "libffi"
| #define PACKAGE_TARNAME "libffi"
| #define PACKAGE_VERSION "3.2.1"
| #define PACKAGE_STRING "libffi 3.2.1"
| #define PACKAGE_BUGREPORT "http://github.com/atgreen/libffi/issues"
| #define PACKAGE_URL ""
| #define PACKAGE "libffi"
| #define VERSION "3.2.1"
| /* end confdefs.h.  */
| #include <ac_nonexistent.h>
configure:8438: result: xcrun -sdk macosx clang -arch x86_64 -E
configure:8458: xcrun -sdk macosx clang -arch x86_64 -E  conftest.c
configure:8458: $? = 0
configure:8472: xcrun -sdk macosx clang -arch x86_64 -E  conftest.c
conftest.c:11:10: fatal error: 'ac_nonexistent.h' file not found
#include <ac_nonexistent.h>
         ^
1 error generated.
configure:8472: $? = 1
configure: failed program was:
| /* confdefs.h */
| #define PACKAGE_NAME "libffi"
| #define PACKAGE_TARNAME "libffi"
| #define PACKAGE_VERSION "3.2.1"
| #define PACKAGE_STRING "libffi 3.2.1"
| #define PACKAGE_BUGREPORT "http://github.com/atgreen/libffi/issues"
| #define PACKAGE_URL ""
| #define PACKAGE "libffi"
| #define VERSION "3.2.1"
| /* end confdefs.h.  */
| #include <ac_nonexistent.h>
configure:8501: checking for ANSI C header files
configure:8521: xcrun -sdk macosx clang -arch x86_64 -c -mmacosx-version-min=10.6  conftest.c >&5
configure:8521: $? = 0
configure:8594: xcrun -sdk macosx clang -arch x86_64 -o conftest -mmacosx-version-min=10.6   conftest.c  >&5
configure:8594: $? = 0
configure:8594: ./conftest
configure:8594: $? = 0
configure:8605: result: yes
configure:8618: checking for sys/types.h
configure:8618: xcrun -sdk macosx clang -arch x86_64 -c -mmacosx-version-min=10.6  conftest.c >&5
configure:8618: $? = 0
configure:8618: result: yes
configure:8618: checking for sys/stat.h
configure:8618: xcrun -sdk macosx clang -arch x86_64 -c -mmacosx-version-min=10.6  conftest.c >&5
configure:8618: $? = 0
configure:8618: result: yes
configure:8618: checking for stdlib.h
configure:8618: xcrun -sdk macosx clang -arch x86_64 -c -mmacosx-version-min=10.6  conftest.c >&5
configure:8618: $? = 0
configure:8618: result: yes
configure:8618: checking for string.h
configure:8618: xcrun -sdk macosx clang -arch x86_64 -c -mmacosx-version-min=10.6  conftest.c >&5
configure:8618: $? = 0
configure:8618: result: yes
configure:8618: checking for memory.h
configure:8618: xcrun -sdk macosx clang -arch x86_64 -c -mmacosx-version-min=10.6  conftest.c >&5
configure:8618: $? = 0
configure:8618: result: yes
configure:8618: checking for strings.h
configure:8618: xcrun -sdk macosx clang -arch x86_64 -c -mmacosx-version-min=10.6  conftest.c >&5
configure:8618: $? = 0
configure:8618: result: yes
configure:8618: checking for inttypes.h
configure:8618: xcrun -sdk macosx clang -arch x86_64 -c -mmacosx-version-min=10.6  conftest.c >&5
configure:8618: $? = 0
configure:8618: result: yes
configure:8618: checking for stdint.h
configure:8618: xcrun -sdk macosx clang -arch x86_64 -c -mmacosx-version-min=10.6  conftest.c >&5
configure:8618: $? = 0
configure:8618: result: yes
configure:8618: checking for unistd.h
configure:8618: xcrun -sdk macosx clang -arch x86_64 -c -mmacosx-version-min=10.6  conftest.c >&5
configure:8618: $? = 0
configure:8618: result: yes
configure:8632: checking for dlfcn.h
configure:8632: xcrun -sdk macosx clang -arch x86_64 -c -mmacosx-version-min=10.6  conftest.c >&5
configure:8632: $? = 0
configure:8632: result: yes
configure:8849: checking for objdir
configure:8864: result: .libs
configure:9135: checking if xcrun -sdk macosx clang -arch x86_64 supports -fno-rtti -fno-exceptions
configure:9153: xcrun -sdk macosx clang -arch x86_64 -c -mmacosx-version-min=10.6  -fno-rtti -fno-exceptions conftest.c >&5
configure:9157: $? = 0
configure:9170: result: yes
configure:9497: checking for xcrun -sdk macosx clang -arch x86_64 option to produce PIC
configure:9504: result: -fno-common -DPIC
configure:9512: checking if xcrun -sdk macosx clang -arch x86_64 PIC flag -fno-common -DPIC works
configure:9530: xcrun -sdk macosx clang -arch x86_64 -c -mmacosx-version-min=10.6  -fno-common -DPIC -DPIC conftest.c >&5
configure:9534: $? = 0
configure:9547: result: yes
configure:9576: checking if xcrun -sdk macosx clang -arch x86_64 static flag -static works
configure:9604: result: no
configure:9619: checking if xcrun -sdk macosx clang -arch x86_64 supports -c -o file.o
configure:9640: xcrun -sdk macosx clang -arch x86_64 -c -mmacosx-version-min=10.6  -o out/conftest2.o conftest.c >&5
configure:9644: $? = 0
configure:9666: result: yes
configure:9674: checking if xcrun -sdk macosx clang -arch x86_64 supports -c -o file.o
configure:9721: result: yes
configure:9754: checking whether the xcrun -sdk macosx clang -arch x86_64 linker (xcrun -sdk macosx ld -arch x86_64) supports shared libraries
configure:10907: result: yes
configure:11147: checking dynamic linker characteristics
configure:11884: result: darwin10 dyld
configure:11991: checking how to hardcode library paths into programs
configure:12016: result: immediate
configure:12556: checking whether stripping libraries is possible
configure:12570: result: yes
configure:12596: checking if libtool supports shared libraries
configure:12598: result: yes
configure:12601: checking whether to build shared libraries
configure:12622: result: yes
configure:12625: checking whether to build static libraries
configure:12629: result: yes
configure:12652: checking how to run the C++ preprocessor
configure:12679: g++ -E  conftest.cpp
configure:12679: $? = 0
configure:12693: g++ -E  conftest.cpp
conftest.cpp:23:10: fatal error: 'ac_nonexistent.h' file not found
#include <ac_nonexistent.h>
         ^
1 error generated.
configure:12693: $? = 1
configure: failed program was:
| /* confdefs.h */
| #define PACKAGE_NAME "libffi"
| #define PACKAGE_TARNAME "libffi"
| #define PACKAGE_VERSION "3.2.1"
| #define PACKAGE_STRING "libffi 3.2.1"
| #define PACKAGE_BUGREPORT "http://github.com/atgreen/libffi/issues"
| #define PACKAGE_URL ""
| #define PACKAGE "libffi"
| #define VERSION "3.2.1"
| #define STDC_HEADERS 1
| #define HAVE_SYS_TYPES_H 1
| #define HAVE_SYS_STAT_H 1
| #define HAVE_STDLIB_H 1
| #define HAVE_STRING_H 1
| #define HAVE_MEMORY_H 1
| #define HAVE_STRINGS_H 1
| #define HAVE_INTTYPES_H 1
| #define HAVE_STDINT_H 1
| #define HAVE_UNISTD_H 1
| #define HAVE_DLFCN_H 1
| #define LT_OBJDIR ".libs/"
| /* end confdefs.h.  */
| #include <ac_nonexistent.h>
configure:12718: result: g++ -E
configure:12738: g++ -E  conftest.cpp
configure:12738: $? = 0
configure:12752: g++ -E  conftest.cpp
conftest.cpp:23:10: fatal error: 'ac_nonexistent.h' file not found
#include <ac_nonexistent.h>
         ^
1 error generated.
configure:12752: $? = 1
configure: failed program was:
| /* confdefs.h */
| #define PACKAGE_NAME "libffi"
| #define PACKAGE_TARNAME "libffi"
| #define PACKAGE_VERSION "3.2.1"
| #define PACKAGE_STRING "libffi 3.2.1"
| #define PACKAGE_BUGREPORT "http://github.com/atgreen/libffi/issues"
| #define PACKAGE_URL ""
| #define PACKAGE "libffi"
| #define VERSION "3.2.1"
| #define STDC_HEADERS 1
| #define HAVE_SYS_TYPES_H 1
| #define HAVE_SYS_STAT_H 1
| #define HAVE_STDLIB_H 1
| #define HAVE_STRING_H 1
| #define HAVE_MEMORY_H 1
| #define HAVE_STRINGS_H 1
| #define HAVE_INTTYPES_H 1
| #define HAVE_STDINT_H 1
| #define HAVE_UNISTD_H 1
| #define HAVE_DLFCN_H 1
| #define LT_OBJDIR ".libs/"
| /* end confdefs.h.  */
| #include <ac_nonexistent.h>
configure:12921: checking for ld used by g++
configure:12988: result: xcrun -sdk macosx ld -arch x86_64
configure:12995: checking if the linker (xcrun -sdk macosx ld -arch x86_64) is GNU ld
configure:13010: result: no
configure:13065: checking whether the g++ linker (xcrun -sdk macosx ld -arch x86_64) supports shared libraries
configure:14070: result: yes
configure:14106: g++ -c -g -O2  conftest.cpp >&5
configure:14109: $? = 0
configure:14629: checking for g++ option to produce PIC
configure:14636: result: -fno-common -DPIC
configure:14644: checking if g++ PIC flag -fno-common -DPIC works
configure:14662: g++ -c -g -O2  -fno-common -DPIC -DPIC conftest.cpp >&5
configure:14666: $? = 0
configure:14679: result: yes
configure:14702: checking if g++ static flag -static works
configure:14730: result: no
configure:14742: checking if g++ supports -c -o file.o
configure:14763: g++ -c -g -O2  -o out/conftest2.o conftest.cpp >&5
configure:14767: $? = 0
configure:14789: result: yes
configure:14794: checking if g++ supports -c -o file.o
configure:14841: result: yes
configure:14871: checking whether the g++ linker (xcrun -sdk macosx ld -arch x86_64) supports shared libraries
configure:14907: result: yes
configure:15048: checking dynamic linker characteristics
configure:15719: result: darwin10 dyld
configure:15772: checking how to hardcode library paths into programs
configure:15797: result: immediate
configure:15865: checking size of size_t
configure:15870: xcrun -sdk macosx clang -arch x86_64 -o conftest -mmacosx-version-min=10.6   conftest.c  >&5
configure:15870: $? = 0
configure:15870: ./conftest
configure:15870: $? = 0
configure:15884: result: 8
configure:15895: checking for C compiler vendor
configure:15940: xcrun -sdk macosx clang -arch x86_64 -c -mmacosx-version-min=10.6  conftest.c >&5
conftest.c:30:9: error: use of undeclared identifier 'thisisanerror'
        thisisanerror;
        ^
1 error generated.
configure:15940: $? = 1
configure: failed program was:
| /* confdefs.h */
| #define PACKAGE_NAME "libffi"
| #define PACKAGE_TARNAME "libffi"
| #define PACKAGE_VERSION "3.2.1"
| #define PACKAGE_STRING "libffi 3.2.1"
| #define PACKAGE_BUGREPORT "http://github.com/atgreen/libffi/issues"
| #define PACKAGE_URL ""
| #define PACKAGE "libffi"
| #define VERSION "3.2.1"
| #define STDC_HEADERS 1
| #define HAVE_SYS_TYPES_H 1
| #define HAVE_SYS_STAT_H 1
| #define HAVE_STDLIB_H 1
| #define HAVE_STRING_H 1
| #define HAVE_MEMORY_H 1
| #define HAVE_STRINGS_H 1
| #define HAVE_INTTYPES_H 1
| #define HAVE_STDINT_H 1
| #define HAVE_UNISTD_H 1
| #define HAVE_DLFCN_H 1
| #define LT_OBJDIR ".libs/"
| #define SIZEOF_SIZE_T 8
| /* end confdefs.h.  */
| 
| int
| main ()
| {
| 
|       #if !(defined(__ICC) || defined(__ECC) || defined(__INTEL_COMPILER))
|         thisisanerror;
|       #endif
| 
|   ;
|   return 0;
| }
configure:15940: xcrun -sdk macosx clang -arch x86_64 -c -mmacosx-version-min=10.6  conftest.c >&5
conftest.c:30:9: error: use of undeclared identifier 'thisisanerror'
        thisisanerror;
        ^
1 error generated.
configure:15940: $? = 1
configure: failed program was:
| /* confdefs.h */
| #define PACKAGE_NAME "libffi"
| #define PACKAGE_TARNAME "libffi"
| #define PACKAGE_VERSION "3.2.1"
| #define PACKAGE_STRING "libffi 3.2.1"
| #define PACKAGE_BUGREPORT "http://github.com/atgreen/libffi/issues"
| #define PACKAGE_URL ""
| #define PACKAGE "libffi"
| #define VERSION "3.2.1"
| #define STDC_HEADERS 1
| #define HAVE_SYS_TYPES_H 1
| #define HAVE_SYS_STAT_H 1
| #define HAVE_STDLIB_H 1
| #define HAVE_STRING_H 1
| #define HAVE_MEMORY_H 1
| #define HAVE_STRINGS_H 1
| #define HAVE_INTTYPES_H 1
| #define HAVE_STDINT_H 1
| #define HAVE_UNISTD_H 1
| #define HAVE_DLFCN_H 1
| #define LT_OBJDIR ".libs/"
| #define SIZEOF_SIZE_T 8
| /* end confdefs.h.  */
| 
| int
| main ()
| {
| 
|       #if !(defined(__xlc__) || defined(__xlC__) || defined(__IBMC__) || defined(__IBMCPP__))
|         thisisanerror;
|       #endif
| 
|   ;
|   return 0;
| }
configure:15940: xcrun -sdk macosx clang -arch x86_64 -c -mmacosx-version-min=10.6  conftest.c >&5
conftest.c:30:9: error: use of undeclared identifier 'thisisanerror'
        thisisanerror;
        ^
1 error generated.
configure:15940: $? = 1
configure: failed program was:
| /* confdefs.h */
| #define PACKAGE_NAME "libffi"
| #define PACKAGE_TARNAME "libffi"
| #define PACKAGE_VERSION "3.2.1"
| #define PACKAGE_STRING "libffi 3.2.1"
| #define PACKAGE_BUGREPORT "http://github.com/atgreen/libffi/issues"
| #define PACKAGE_URL ""
| #define PACKAGE "libffi"
| #define VERSION "3.2.1"
| #define STDC_HEADERS 1
| #define HAVE_SYS_TYPES_H 1
| #define HAVE_SYS_STAT_H 1
| #define HAVE_STDLIB_H 1
| #define HAVE_STRING_H 1
| #define HAVE_MEMORY_H 1
| #define HAVE_STRINGS_H 1
| #define HAVE_INTTYPES_H 1
| #define HAVE_STDINT_H 1
| #define HAVE_UNISTD_H 1
| #define HAVE_DLFCN_H 1
| #define LT_OBJDIR ".libs/"
| #define SIZEOF_SIZE_T 8
| /* end confdefs.h.  */
| 
| int
| main ()
| {
| 
|       #if !(defined(__PATHCC__) || defined(__PATHSCALE__))
|         thisisanerror;
|       #endif
| 
|   ;
|   return 0;
| }
configure:15940: xcrun -sdk macosx clang -arch x86_64 -c -mmacosx-version-min=10.6  conftest.c >&5
configure:15940: $? = 0
configure:15948: result: clang
configure:16781: : CFLAGS="$CFLAGS "
configure:16784: $? = 0
configure:16799: checking CFLAGS for maximum warnings
configure:16819: xcrun -sdk macosx clang -arch x86_64 -c -mmacosx-version-min=10.6  -warn all  -warn all  conftest.c >&5
clang: error: unknown argument: '-warn'
clang: error: unknown argument: '-warn'
clang: error: no such file or directory: 'all'
clang: error: no such file or directory: 'all'
configure:16819: $? = 1
configure: failed program was:
| /* confdefs.h */
| #define PACKAGE_NAME "libffi"
| #define PACKAGE_TARNAME "libffi"
| #define PACKAGE_VERSION "3.2.1"
| #define PACKAGE_STRING "libffi 3.2.1"
| #define PACKAGE_BUGREPORT "http://github.com/atgreen/libffi/issues"
| #define PACKAGE_URL ""
| #define PACKAGE "libffi"
| #define VERSION "3.2.1"
| #define STDC_HEADERS 1
| #define HAVE_SYS_TYPES_H 1
| #define HAVE_SYS_STAT_H 1
| #define HAVE_STDLIB_H 1
| #define HAVE_STRING_H 1
| #define HAVE_MEMORY_H 1
| #define HAVE_STRINGS_H 1
| #define HAVE_INTTYPES_H 1
| #define HAVE_STDINT_H 1
| #define HAVE_UNISTD_H 1
| #define HAVE_DLFCN_H 1
| #define LT_OBJDIR ".libs/"
| #define SIZEOF_SIZE_T 8
| /* end confdefs.h.  */
| 
| int
| main ()
| {
| 
|   ;
|   return 0;
| }
configure:16819: xcrun -sdk macosx clang -arch x86_64 -c -mmacosx-version-min=10.6  -pedantic  -Wall  conftest.c >&5
configure:16819: $? = 0
configure:16827: result: -Wall
configure:16843: : CFLAGS="$CFLAGS $ac_cv_cflags_warn_all"
configure:16846: $? = 0
configure:16876: checking whether to enable maintainer-specific portions of Makefiles
configure:16885: result: no
configure:16901: checking sys/mman.h usability
configure:16901: xcrun -sdk macosx clang -arch x86_64 -c -mmacosx-version-min=10.6  -Wall -fexceptions  conftest.c >&5
configure:16901: $? = 0
configure:16901: result: yes
configure:16901: checking sys/mman.h presence
configure:16901: xcrun -sdk macosx clang -arch x86_64 -E  conftest.c
configure:16901: $? = 0
configure:16901: result: yes
configure:16901: checking for sys/mman.h
configure:16901: result: yes
configure:16914: checking for mmap
configure:16914: xcrun -sdk macosx clang -arch x86_64 -o conftest -mmacosx-version-min=10.6  -Wall -fexceptions   conftest.c  >&5
configure:16914: $? = 0
configure:16914: result: yes
configure:16914: checking for mkostemp
configure:16914: xcrun -sdk macosx clang -arch x86_64 -o conftest -mmacosx-version-min=10.6  -Wall -fexceptions   conftest.c  >&5
Undefined symbols for architecture x86_64:
  "_mkostemp", referenced from:
      _main in conftest-19ab68.o
ld: symbol(s) not found for architecture x86_64
clang: error: linker command failed with exit code 1 (use -v to see invocation)
configure:16914: $? = 1
configure: failed program was:
| /* confdefs.h */
| #define PACKAGE_NAME "libffi"
| #define PACKAGE_TARNAME "libffi"
| #define PACKAGE_VERSION "3.2.1"
| #define PACKAGE_STRING "libffi 3.2.1"
| #define PACKAGE_BUGREPORT "http://github.com/atgreen/libffi/issues"
| #define PACKAGE_URL ""
| #define PACKAGE "libffi"
| #define VERSION "3.2.1"
| #define STDC_HEADERS 1
| #define HAVE_SYS_TYPES_H 1
| #define HAVE_SYS_STAT_H 1
| #define HAVE_STDLIB_H 1
| #define HAVE_STRING_H 1
| #define HAVE_MEMORY_H 1
| #define HAVE_STRINGS_H 1
| #define HAVE_INTTYPES_H 1
| #define HAVE_STDINT_H 1
| #define HAVE_UNISTD_H 1
| #define HAVE_DLFCN_H 1
| #define LT_OBJDIR ".libs/"
| #define SIZEOF_SIZE_T 8
| #define HAVE_SYS_MMAN_H 1
| #define HAVE_MMAP 1
| /* end confdefs.h.  */
| /* Define mkostemp to an innocuous variant, in case <limits.h> declares mkostemp.
|    For example, HP-UX 11i <limits.h> declares gettimeofday.  */
| #define mkostemp innocuous_mkostemp
| 
| /* System header to define __stub macros and hopefully few prototypes,
|     which can conflict with char mkostemp (); below.
|     Prefer <limits.h> to <assert.h> if __STDC__ is defined, since
|     <limits.h> exists even on freestanding compilers.  */
| 
| #ifdef __STDC__
| # include <limits.h>
| #else
| # include <assert.h>
| #endif
| 
| #undef mkostemp
| 
| /* Override any GCC internal prototype to avoid an error.
|    Use char because int might match the return type of a GCC
|    builtin and then its argument prototype would still apply.  */
| #ifdef __cplusplus
| extern "C"
| #endif
| char mkostemp ();
| /* The GNU C library defines this for functions which it implements
|     to always fail with ENOSYS.  Some functions are actually named
|     something starting with __ and the normal name is an alias.  */
| #if defined __stub_mkostemp || defined __stub___mkostemp
| choke me
| #endif
| 
| int
| main ()
| {
| return mkostemp ();
|   ;
|   return 0;
| }
configure:16914: result: no
configure:16924: checking for sys/mman.h
configure:16924: result: yes
configure:16932: checking for mmap
configure:16932: result: yes
configure:16945: checking whether read-only mmap of a plain file works
configure:16962: result: yes
configure:16964: checking whether mmap from /dev/zero works
configure:16986: result: no
configure:16990: checking for MAP_ANON(YMOUS)
configure:17013: xcrun -sdk macosx clang -arch x86_64 -c -mmacosx-version-min=10.6  -Wall -fexceptions  conftest.c >&5
conftest.c:37:5: warning: unused variable 'n' [-Wunused-variable]
int n = MAP_ANONYMOUS;
    ^
1 warning generated.
configure:17013: $? = 0
configure:17020: result: yes
configure:17026: checking whether mmap with MAP_ANON(YMOUS) works
configure:17043: result: yes
configure:17622: checking for ANSI C header files
configure:17726: result: yes
configure:17736: checking for memcpy
configure:17736: xcrun -sdk macosx clang -arch x86_64 -o conftest -mmacosx-version-min=10.6  -Wall -fexceptions   conftest.c  >&5
conftest.c:52:6: warning: incompatible redeclaration of library function 'memcpy' [-Wincompatible-library-redeclaration]
char memcpy ();
     ^
conftest.c:52:6: note: 'memcpy' is a builtin with type 'void *(void *, const void *, unsigned long)'
1 warning generated.
configure:17736: $? = 0
configure:17736: result: yes
configure:17745: checking for size_t
configure:17745: xcrun -sdk macosx clang -arch x86_64 -c -mmacosx-version-min=10.6  -Wall -fexceptions  conftest.c >&5
configure:17745: $? = 0
configure:17745: xcrun -sdk macosx clang -arch x86_64 -c -mmacosx-version-min=10.6  -Wall -fexceptions  conftest.c >&5
conftest.c:66:21: error: expected expression
if (sizeof ((size_t)))
                    ^
1 error generated.
configure:17745: $? = 1
configure: failed program was:
| /* confdefs.h */
| #define PACKAGE_NAME "libffi"
| #define PACKAGE_TARNAME "libffi"
| #define PACKAGE_VERSION "3.2.1"
| #define PACKAGE_STRING "libffi 3.2.1"
| #define PACKAGE_BUGREPORT "http://github.com/atgreen/libffi/issues"
| #define PACKAGE_URL ""
| #define PACKAGE "libffi"
| #define VERSION "3.2.1"
| #define STDC_HEADERS 1
| #define HAVE_SYS_TYPES_H 1
| #define HAVE_SYS_STAT_H 1
| #define HAVE_STDLIB_H 1
| #define HAVE_STRING_H 1
| #define HAVE_MEMORY_H 1
| #define HAVE_STRINGS_H 1
| #define HAVE_INTTYPES_H 1
| #define HAVE_STDINT_H 1
| #define HAVE_UNISTD_H 1
| #define HAVE_DLFCN_H 1
| #define LT_OBJDIR ".libs/"
| #define SIZEOF_SIZE_T 8
| #define HAVE_SYS_MMAN_H 1
| #define HAVE_MMAP 1
| #define HAVE_MMAP_FILE 1
| #define HAVE_MMAP_ANON 1
| #define STDC_HEADERS 1
| #define HAVE_MEMCPY 1
| /* end confdefs.h.  */
| #include <stdio.h>
| #ifdef HAVE_SYS_TYPES_H
| # include <sys/types.h>
| #endif
| #ifdef HAVE_SYS_STAT_H
| # include <sys/stat.h>
| #endif
| #ifdef STDC_HEADERS
| # include <stdlib.h>
| # include <stddef.h>
| #else
| # ifdef HAVE_STDLIB_H
| #  include <stdlib.h>
| # endif
| #endif
| #ifdef HAVE_STRING_H
| # if !defined STDC_HEADERS && defined HAVE_MEMORY_H
| #  include <memory.h>
| # endif
| # include <string.h>
| #endif
| #ifdef HAVE_STRINGS_H
| # include <strings.h>
| #endif
| #ifdef HAVE_INTTYPES_H
| # include <inttypes.h>
| #endif
| #ifdef HAVE_STDINT_H
| # include <stdint.h>
| #endif
| #ifdef HAVE_UNISTD_H
| # include <unistd.h>
| #endif
| int
| main ()
| {
| if (sizeof ((size_t)))
| 	    return 0;
|   ;
|   return 0;
| }
configure:17745: result: yes
configure:17758: checking for working alloca.h
configure:17775: xcrun -sdk macosx clang -arch x86_64 -o conftest -mmacosx-version-min=10.6  -Wall -fexceptions   conftest.c  >&5
configure:17775: $? = 0
configure:17783: result: yes
configure:17791: checking for alloca
configure:17828: xcrun -sdk macosx clang -arch x86_64 -o conftest -mmacosx-version-min=10.6  -Wall -fexceptions   conftest.c  >&5
configure:17828: $? = 0
configure:17836: result: yes
configure:17947: checking size of double
configure:17952: xcrun -sdk macosx clang -arch x86_64 -o conftest -mmacosx-version-min=10.6  -Wall -fexceptions   conftest.c  >&5
configure:17952: $? = 0
configure:17952: ./conftest
configure:17952: $? = 0
configure:17966: result: 8
configure:17980: checking size of long double
configure:17985: xcrun -sdk macosx clang -arch x86_64 -o conftest -mmacosx-version-min=10.6  -Wall -fexceptions   conftest.c  >&5
configure:17985: $? = 0
configure:17985: ./conftest
configure:17985: $? = 0
configure:17999: result: 16
configure:18032: checking whether byte ordering is bigendian
configure:18047: xcrun -sdk macosx clang -arch x86_64 -c -mmacosx-version-min=10.6  -Wall -fexceptions  conftest.c >&5
configure:18047: $? = 0
configure:18092: xcrun -sdk macosx clang -arch x86_64 -c -mmacosx-version-min=10.6  -Wall -fexceptions  conftest.c >&5
configure:18092: $? = 0
configure:18110: xcrun -sdk macosx clang -arch x86_64 -c -mmacosx-version-min=10.6  -Wall -fexceptions  conftest.c >&5
conftest.c:42:4: error: use of undeclared identifier 'not'
                 not big endian
                 ^
1 error generated.
configure:18110: $? = 1
configure: failed program was:
| /* confdefs.h */
| #define PACKAGE_NAME "libffi"
| #define PACKAGE_TARNAME "libffi"
| #define PACKAGE_VERSION "3.2.1"
| #define PACKAGE_STRING "libffi 3.2.1"
| #define PACKAGE_BUGREPORT "http://github.com/atgreen/libffi/issues"
| #define PACKAGE_URL ""
| #define PACKAGE "libffi"
| #define VERSION "3.2.1"
| #define STDC_HEADERS 1
| #define HAVE_SYS_TYPES_H 1
| #define HAVE_SYS_STAT_H 1
| #define HAVE_STDLIB_H 1
| #define HAVE_STRING_H 1
| #define HAVE_MEMORY_H 1
| #define HAVE_STRINGS_H 1
| #define HAVE_INTTYPES_H 1
| #define HAVE_STDINT_H 1
| #define HAVE_UNISTD_H 1
| #define HAVE_DLFCN_H 1
| #define LT_OBJDIR ".libs/"
| #define SIZEOF_SIZE_T 8
| #define HAVE_SYS_MMAN_H 1
| #define HAVE_MMAP 1
| #define HAVE_MMAP_FILE 1
| #define HAVE_MMAP_ANON 1
| #define STDC_HEADERS 1
| #define HAVE_MEMCPY 1
| #define HAVE_ALLOCA_H 1
| #define HAVE_ALLOCA 1
| #define SIZEOF_DOUBLE 8
| #define SIZEOF_LONG_DOUBLE 16
| #define HAVE_LONG_DOUBLE 1
| /* end confdefs.h.  */
| #include <sys/types.h>
| 		#include <sys/param.h>
| 
| int
| main ()
| {
| #if BYTE_ORDER != BIG_ENDIAN
| 		 not big endian
| 		#endif
| 
|   ;
|   return 0;
| }
configure:18238: result: no
configure:18257: checking assembler .cfi pseudo-op support
configure:18275: xcrun -sdk macosx clang -arch x86_64 -c -mmacosx-version-min=10.6  -Wall -fexceptions  conftest.c >&5
fatal error: error in backend: No symbol to start a frame
clang: error: clang frontend command failed with exit code 70 (use -v to see invocation)
Apple LLVM version 6.0 (clang-600.0.56) (based on LLVM 3.5svn)
Target: x86_64-apple-darwin14.1.0
Thread model: posix
clang: note: diagnostic msg: PLEASE submit a bug report to http://developer.apple.com/bugreporter/ and include the crash backtrace, preprocessed source, and associated run script.
clang: note: diagnostic msg: 
********************

PLEASE ATTACH THE FOLLOWING FILES TO THE BUG REPORT:
Preprocessed source(s) and associated run script(s) are located at:
clang: note: diagnostic msg: /var/tmp/conftest-d409db.c
clang: note: diagnostic msg: /var/tmp/conftest-d409db.sh
clang: note: diagnostic msg: 

********************
configure:18275: $? = 70
configure: failed program was:
| /* confdefs.h */
| #define PACKAGE_NAME "libffi"
| #define PACKAGE_TARNAME "libffi"
| #define PACKAGE_VERSION "3.2.1"
| #define PACKAGE_STRING "libffi 3.2.1"
| #define PACKAGE_BUGREPORT "http://github.com/atgreen/libffi/issues"
| #define PACKAGE_URL ""
| #define PACKAGE "libffi"
| #define VERSION "3.2.1"
| #define STDC_HEADERS 1
| #define HAVE_SYS_TYPES_H 1
| #define HAVE_SYS_STAT_H 1
| #define HAVE_STDLIB_H 1
| #define HAVE_STRING_H 1
| #define HAVE_MEMORY_H 1
| #define HAVE_STRINGS_H 1
| #define HAVE_INTTYPES_H 1
| #define HAVE_STDINT_H 1
| #define HAVE_UNISTD_H 1
| #define HAVE_DLFCN_H 1
| #define LT_OBJDIR ".libs/"
| #define SIZEOF_SIZE_T 8
| #define HAVE_SYS_MMAN_H 1
| #define HAVE_MMAP 1
| #define HAVE_MMAP_FILE 1
| #define HAVE_MMAP_ANON 1
| #define STDC_HEADERS 1
| #define HAVE_MEMCPY 1
| #define HAVE_ALLOCA_H 1
| #define HAVE_ALLOCA 1
| #define SIZEOF_DOUBLE 8
| #define SIZEOF_LONG_DOUBLE 16
| #define HAVE_LONG_DOUBLE 1
| /* end confdefs.h.  */
| asm (".cfi_startproc\n\t.cfi_endproc");
| int
| main ()
| {
| 
|   ;
|   return 0;
| }
configure:18283: result: no
configure:18472: checking for _ prefix in compiled symbols
configure:18482: xcrun -sdk macosx clang -arch x86_64 -c -mmacosx-version-min=10.6  -Wall -fexceptions  conftest.c >&5
conftest.c:2:12: warning: expression result unused [-Wunused-value]
int main(){nm_test_func;return 0;}
           ^~~~~~~~~~~~
1 warning generated.
configure:18485: $? = 0
configure:18489: nm conftest.o \| sed -n -e 's/^.*[	 ]\([BCDEGRST][BCDEGRST]*\)[	 ][	 ]*_\([_A-Za-z][_A-Za-z0-9]*\)$/\1 _\2 \2/p' | sed '/ __gnu_lto/d' \> conftest.nm
configure:18492: $? = 0
configure:18514: result: yes
configure:18589: checking whether .eh_frame section should be read-only
configure:18609: result: no
configure:18624: checking for __attribute__((visibility("hidden")))
configure:18633: xcrun -sdk macosx clang -arch x86_64 -Werror -S conftest.c -o conftest.s 1>&5
configure:18636: $? = 0
configure:18645: result: no
configure:18859: checking that generated files are newer than configure
configure:18865: result: done
configure:19077: creating ./config.status

## ---------------------- ##
## Running config.status. ##
## ---------------------- ##

This file was extended by libffi config.status 3.2.1, which was
generated by GNU Autoconf 2.69.  Invocation command line was

  CONFIG_FILES    = 
  CONFIG_HEADERS  = 
  CONFIG_LINKS    = 
  CONFIG_COMMANDS = 
  $ ./config.status 

on cyborg.home

config.status:1289: creating include/Makefile
config.status:1289: creating include/ffi.h
config.status:1289: creating Makefile
config.status:1289: creating testsuite/Makefile
config.status:1289: creating man/Makefile
config.status:1289: creating libffi.pc
config.status:1289: creating fficonfig.h
config.status:1455: fficonfig.h is unchanged
config.status:1515: linking ../src/x86/ffitarget.h to include/ffitarget.h
config.status:1534: executing buildir commands
config.status:1547: skipping top_srcdir/Makefile - not created
config.status:1534: executing depfiles commands
config.status:1534: executing libtool commands
config.status:1534: executing include commands
config.status:1534: executing src commands

## ---------------- ##
## Cache variables. ##
## ---------------- ##

ac_cv_build=x86_64-apple-darwin14.1.0
ac_cv_c_bigendian=no
ac_cv_c_compiler_gnu=yes
ac_cv_cflags_warn_all=-Wall
ac_cv_cxx_compiler_gnu=yes
ac_cv_decl_map_anon=yes
ac_cv_env_CCASFLAGS_set=
ac_cv_env_CCASFLAGS_value=
ac_cv_env_CCAS_set=
ac_cv_env_CCAS_value=
ac_cv_env_CPPFLAGS_set=
ac_cv_env_CPPFLAGS_value=
ac_cv_env_CPP_set=
ac_cv_env_CPP_value=
ac_cv_env_CXXCPP_set=
ac_cv_env_CXXCPP_value=
ac_cv_env_build_alias_set=
ac_cv_env_build_alias_value=
ac_cv_env_host_alias_set=set
ac_cv_env_host_alias_value=x86_64-apple-darwin10
ac_cv_env_target_alias_set=
ac_cv_env_target_alias_value=
ac_cv_func_alloca_works=yes
ac_cv_func_memcpy=yes
ac_cv_func_mkostemp=no
ac_cv_func_mmap=yes
ac_cv_func_mmap_anon=yes
ac_cv_func_mmap_dev_zero=no
ac_cv_func_mmap_file=yes
ac_cv_header_dlfcn_h=yes
ac_cv_header_inttypes_h=yes
ac_cv_header_memory_h=yes
ac_cv_header_stdc=yes
ac_cv_header_stdint_h=yes
ac_cv_header_stdlib_h=yes
ac_cv_header_string_h=yes
ac_cv_header_strings_h=yes
ac_cv_header_sys_mman_h=yes
ac_cv_header_sys_stat_h=yes
ac_cv_header_sys_types_h=yes
ac_cv_header_unistd_h=yes
ac_cv_host=x86_64-apple-darwin10
ac_cv_objext=o
ac_cv_path_EGREP='/usr/bin/grep -E'
ac_cv_path_FGREP='/usr/bin/grep -F'
ac_cv_path_GREP=/usr/bin/grep
ac_cv_path_SED=/usr/bin/sed
ac_cv_path_ax_enable_builddir_sed=sed
ac_cv_path_install='/usr/bin/install -c'
ac_cv_prog_AWK=awk
ac_cv_prog_CC='xcrun -sdk macosx clang -arch x86_64'
ac_cv_prog_CPP='xcrun -sdk macosx clang -arch x86_64 -E'
ac_cv_prog_CXXCPP='g++ -E'
ac_cv_prog_STRIP=strip
ac_cv_prog_ac_ct_AR=ar
ac_cv_prog_ac_ct_CXX=g++
ac_cv_prog_ac_ct_DSYMUTIL=dsymutil
ac_cv_prog_ac_ct_DUMPBIN='link -dump'
ac_cv_prog_ac_ct_LIPO=lipo
ac_cv_prog_ac_ct_NMEDIT=nmedit
ac_cv_prog_ac_ct_OTOOL=otool
ac_cv_prog_ac_ct_RANLIB=ranlib
ac_cv_prog_ac_ct_STRIP=strip
ac_cv_prog_cc_c89=
ac_cv_prog_cc_g=yes
ac_cv_prog_cc_xcrun_c_o=yes
ac_cv_prog_cxx_g=yes
ac_cv_prog_make_make_set=yes
ac_cv_sizeof_double=8
ac_cv_sizeof_long_double=16
ac_cv_sizeof_size_t=8
ac_cv_target=x86_64-apple-darwin10
ac_cv_type_size_t=yes
ac_cv_working_alloca_h=yes
am_cv_CCAS_dependencies_compiler_type=gcc3
am_cv_CC_dependencies_compiler_type=gcc3
am_cv_CXX_dependencies_compiler_type=gcc3
am_cv_make_support_nested_variables=yes
ax_cv_c_compiler_vendor=clang
gcc_cv_as_cfi_pseudo_op=no
libffi_cv_hidden_visibility_attribute=no
libffi_cv_ro_eh_frame=no
lt_cv_apple_cc_single_mod=yes
lt_cv_ar_at_file=no
lt_cv_deplibs_check_method=pass_all
lt_cv_file_magic_cmd='$MAGIC_CMD'
lt_cv_file_magic_test_file=
lt_cv_ld_exported_symbols_list=yes
lt_cv_ld_force_load=yes
lt_cv_ld_reload_flag=-r
lt_cv_nm_interface='BSD nm'
lt_cv_objdir=.libs
lt_cv_path_LD='xcrun -sdk macosx ld -arch x86_64'
lt_cv_path_LDCXX='xcrun -sdk macosx ld -arch x86_64'
lt_cv_path_NM=no
lt_cv_path_mainfest_tool=no
lt_cv_prog_compiler_c_o=yes
lt_cv_prog_compiler_c_o_CXX=yes
lt_cv_prog_compiler_pic='-fno-common -DPIC'
lt_cv_prog_compiler_pic_CXX='-fno-common -DPIC'
lt_cv_prog_compiler_pic_works=yes
lt_cv_prog_compiler_pic_works_CXX=yes
lt_cv_prog_compiler_rtti_exceptions=yes
lt_cv_prog_compiler_static_works=no
lt_cv_prog_compiler_static_works_CXX=no
lt_cv_prog_gnu_ld=no
lt_cv_prog_gnu_ldcxx=no
lt_cv_sharedlib_from_linklib_cmd='printf %s\n'
lt_cv_sys_global_symbol_pipe='sed -n -e '\''s/^.*[	 ]\([BCDEGRST][BCDEGRST]*\)[	 ][	 ]*_\([_A-Za-z][_A-Za-z0-9]*\)$/\1 _\2 \2/p'\'' | sed '\''/ __gnu_lto/d'\'''
lt_cv_sys_global_symbol_to_c_name_address='sed -n -e '\''s/^: \([^ ]*\)[ ]*$/  {\"\1\", (void *) 0},/p'\'' -e '\''s/^[BCDEGRST]* \([^ ]*\) \([^ ]*\)$/  {"\2", (void *) \&\2},/p'\'''
lt_cv_sys_global_symbol_to_c_name_address_lib_prefix='sed -n -e '\''s/^: \([^ ]*\)[ ]*$/  {\"\1\", (void *) 0},/p'\'' -e '\''s/^[BCDEGRST]* \([^ ]*\) \(lib[^ ]*\)$/  {"\2", (void *) \&\2},/p'\'' -e '\''s/^[BCDEGRST]* \([^ ]*\) \([^ ]*\)$/  {"lib\2", (void *) \&\2},/p'\'''
lt_cv_sys_global_symbol_to_cdecl='sed -n -e '\''s/^T .* \(.*\)$/extern int \1();/p'\'' -e '\''s/^[BCDEGRST]* .* \(.*\)$/extern char \1;/p'\'''
lt_cv_sys_max_cmd_len=196608
lt_cv_sys_symbol_underscore=yes
lt_cv_to_host_file_cmd=func_convert_file_noop
lt_cv_to_tool_file_cmd=func_convert_file_noop

## ----------------- ##
## Output variables. ##
## ----------------- ##

AARCH64_FALSE=''
AARCH64_TRUE='#'
ACLOCAL='${SHELL} /Users/jeff/workspace/Fox/Fox/Private/libffi/missing aclocal-1.13'
ALLOCA=''
ALPHA_FALSE=''
ALPHA_TRUE='#'
AMDEPBACKSLASH='\'
AMDEP_FALSE='#'
AMDEP_TRUE=''
AMTAR='$${TAR-tar}'
AM_BACKSLASH='\'
AM_DEFAULT_V='$(AM_DEFAULT_VERBOSITY)'
AM_DEFAULT_VERBOSITY='1'
AM_LTLDFLAGS=''
AM_RUNTESTFLAGS=''
AM_V='$(V)'
AR='ar'
ARC_FALSE=''
ARC_TRUE='#'
ARM_FALSE=''
ARM_TRUE='#'
AUTOCONF='${SHELL} /Users/jeff/workspace/Fox/Fox/Private/libffi/missing autoconf'
AUTOHEADER='${SHELL} /Users/jeff/workspace/Fox/Fox/Private/libffi/missing autoheader'
AUTOMAKE='${SHELL} /Users/jeff/workspace/Fox/Fox/Private/libffi/missing automake-1.13'
AVR32_FALSE=''
AVR32_TRUE='#'
AWK='awk'
BFIN_FALSE=''
BFIN_TRUE='#'
CC='xcrun -sdk macosx clang -arch x86_64'
CCAS='xcrun -sdk macosx clang -arch x86_64'
CCASDEPMODE='depmode=gcc3'
CCASFLAGS='-mmacosx-version-min=10.6'
CCDEPMODE='depmode=gcc3'
CFLAGS='-mmacosx-version-min=10.6  -Wall -fexceptions'
CPP='xcrun -sdk macosx clang -arch x86_64 -E'
CPPFLAGS=''
CXX='g++'
CXXCPP='g++ -E'
CXXDEPMODE='depmode=gcc3'
CXXFLAGS='-g -O2'
CYGPATH_W='echo'
DEFS='-DHAVE_CONFIG_H'
DEPDIR='.deps'
DLLTOOL='false'
DSYMUTIL='dsymutil'
DUMPBIN=':'
ECHO_C='\c'
ECHO_N=''
ECHO_T=''
EGREP='/usr/bin/grep -E'
EXEEXT=''
FFI_DEBUG_FALSE=''
FFI_DEBUG_TRUE='#'
FFI_EXEC_TRAMPOLINE_TABLE='0'
FFI_EXEC_TRAMPOLINE_TABLE_FALSE=''
FFI_EXEC_TRAMPOLINE_TABLE_TRUE='#'
FGREP='/usr/bin/grep -F'
FRV_FALSE=''
FRV_TRUE='#'
GREP='/usr/bin/grep'
HAVE_LONG_DOUBLE='1'
HAVE_LONG_DOUBLE_VARIANT='0'
IA64_FALSE=''
IA64_TRUE='#'
INSTALL_DATA='${INSTALL} -m 644'
INSTALL_PROGRAM='${INSTALL}'
INSTALL_SCRIPT='${INSTALL}'
INSTALL_STRIP_PROGRAM='$(install_sh) -c -s'
LD='xcrun -sdk macosx ld -arch x86_64'
LDFLAGS=''
LIBFFI_CRIS_FALSE=''
LIBFFI_CRIS_TRUE='#'
LIBOBJS=''
LIBS=''
LIBTOOL='$(SHELL) $(top_builddir)/libtool'
LIPO='lipo'
LN_S='ln -s'
LTLIBOBJS=''
M32R_FALSE=''
M32R_TRUE='#'
M68K_FALSE=''
M68K_TRUE='#'
M88K_FALSE=''
M88K_TRUE='#'
MAINT='#'
MAINTAINER_MODE_FALSE=''
MAINTAINER_MODE_TRUE='#'
MAKEINFO='${SHELL} /Users/jeff/workspace/Fox/Fox/Private/libffi/missing makeinfo'
MANIFEST_TOOL=':'
METAG_FALSE=''
METAG_TRUE='#'
MICROBLAZE_FALSE=''
MICROBLAZE_TRUE='#'
MIPS_FALSE=''
MIPS_TRUE='#'
MKDIR_P='../install-sh -c -d'
MOXIE_FALSE=''
MOXIE_TRUE='#'
NIOS2_FALSE=''
NIOS2_TRUE='#'
NM='nm'
NMEDIT='nmedit'
OBJDUMP='false'
OBJEXT='o'
OR1K_FALSE=''
OR1K_TRUE='#'
OTOOL64=':'
OTOOL='otool'
PA64_HPUX_FALSE=''
PA64_HPUX_TRUE='#'
PACKAGE='libffi'
PACKAGE_BUGREPORT='http://github.com/atgreen/libffi/issues'
PACKAGE_NAME='libffi'
PACKAGE_STRING='libffi 3.2.1'
PACKAGE_TARNAME='libffi'
PACKAGE_URL=''
PACKAGE_VERSION='3.2.1'
PATH_SEPARATOR=':'
PA_HPUX_FALSE=''
PA_HPUX_TRUE='#'
PA_LINUX_FALSE=''
PA_LINUX_TRUE='#'
POWERPC_AIX_FALSE=''
POWERPC_AIX_TRUE='#'
POWERPC_DARWIN_FALSE=''
POWERPC_DARWIN_TRUE='#'
POWERPC_FALSE=''
POWERPC_FREEBSD_FALSE=''
POWERPC_FREEBSD_TRUE='#'
POWERPC_TRUE='#'
PRTDIAG=''
RANLIB='ranlib'
S390_FALSE=''
S390_TRUE='#'
SED='/usr/bin/sed'
SET_MAKE=''
SH64_FALSE=''
SH64_TRUE='#'
SHELL='/bin/sh'
SH_FALSE=''
SH_TRUE='#'
SPARC_FALSE=''
SPARC_TRUE='#'
STRIP='strip'
TARGET='X86_DARWIN'
TARGETDIR='x86'
TESTSUBDIR_FALSE='#'
TESTSUBDIR_TRUE=''
TILE_FALSE=''
TILE_TRUE='#'
VAX_FALSE=''
VAX_TRUE='#'
VERSION='3.2.1'
X86_64_FALSE=''
X86_64_TRUE='#'
X86_DARWIN32_FALSE=''
X86_DARWIN32_TRUE='#'
X86_DARWIN64_FALSE='#'
X86_DARWIN64_TRUE=''
X86_DARWIN_FALSE='#'
X86_DARWIN_TRUE=''
X86_FALSE=''
X86_FREEBSD_FALSE=''
X86_FREEBSD_TRUE='#'
X86_TRUE='#'
X86_WIN32_FALSE=''
X86_WIN32_TRUE='#'
X86_WIN64_FALSE=''
X86_WIN64_TRUE='#'
XTENSA_FALSE=''
XTENSA_TRUE='#'
ac_ct_AR='ar'
ac_ct_CC=''
ac_ct_CXX='g++'
ac_ct_DUMPBIN='link -dump'
am__EXEEXT_FALSE=''
am__EXEEXT_TRUE='#'
am__fastdepCCAS_FALSE='#'
am__fastdepCCAS_TRUE=''
am__fastdepCC_FALSE='#'
am__fastdepCC_TRUE=''
am__fastdepCXX_FALSE='#'
am__fastdepCXX_TRUE=''
am__include='include'
am__isrc=' -I$(srcdir)'
am__leading_dot='.'
am__nodep='_no'
am__quote=''
am__tar='$${TAR-tar} chof - "$$tardir"'
am__untar='$${TAR-tar} xf -'
ax_enable_builddir_sed='sed'
bindir='${exec_prefix}/bin'
build='x86_64-apple-darwin14.1.0'
build_alias=''
build_cpu='x86_64'
build_os='darwin14.1.0'
build_vendor='apple'
datadir='${datarootdir}'
datarootdir='${prefix}/share'
docdir='${datarootdir}/doc/${PACKAGE_TARNAME}'
dvidir='${docdir}'
exec_prefix='${prefix}'
host='x86_64-apple-darwin10'
host_alias='x86_64-apple-darwin10'
host_cpu='x86_64'
host_os='darwin10'
host_vendor='apple'
htmldir='${docdir}'
includedir='${prefix}/include'
infodir='${datarootdir}/info'
install_sh='${SHELL} /Users/jeff/workspace/Fox/Fox/Private/libffi/install-sh'
libdir='${exec_prefix}/lib'
libexecdir='${exec_prefix}/libexec'
localedir='${datarootdir}/locale'
localstatedir='${prefix}/var'
mandir='${datarootdir}/man'
mkdir_p='$(MKDIR_P)'
oldincludedir='/usr/include'
pdfdir='${docdir}'
prefix='/usr/local'
program_transform_name='s,x,x,'
psdir='${docdir}'
sbindir='${exec_prefix}/sbin'
sharedstatedir='${prefix}/com'
sys_symbol_underscore='yes'
sysconfdir='${prefix}/etc'
target='x86_64-apple-darwin10'
target_alias='x86_64-apple-darwin10'
target_cpu='x86_64'
target_os='darwin10'
target_vendor='apple'
toolexecdir='${exec_prefix}/lib/gcc-lib/$(target_alias)'
toolexeclibdir='${exec_prefix}/lib'

## ----------- ##
## confdefs.h. ##
## ----------- ##

/* confdefs.h */
#define PACKAGE_NAME "libffi"
#define PACKAGE_TARNAME "libffi"
#define PACKAGE_VERSION "3.2.1"
#define PACKAGE_STRING "libffi 3.2.1"
#define PACKAGE_BUGREPORT "http://github.com/atgreen/libffi/issues"
#define PACKAGE_URL ""
#define PACKAGE "libffi"
#define VERSION "3.2.1"
#define STDC_HEADERS 1
#define HAVE_SYS_TYPES_H 1
#define HAVE_SYS_STAT_H 1
#define HAVE_STDLIB_H 1
#define HAVE_STRING_H 1
#define HAVE_MEMORY_H 1
#define HAVE_STRINGS_H 1
#define HAVE_INTTYPES_H 1
#define HAVE_STDINT_H 1
#define HAVE_UNISTD_H 1
#define HAVE_DLFCN_H 1
#define LT_OBJDIR ".libs/"
#define SIZEOF_SIZE_T 8
#define HAVE_SYS_MMAN_H 1
#define HAVE_MMAP 1
#define HAVE_MMAP_FILE 1
#define HAVE_MMAP_ANON 1
#define STDC_HEADERS 1
#define HAVE_MEMCPY 1
#define HAVE_ALLOCA_H 1
#define HAVE_ALLOCA 1
#define SIZEOF_DOUBLE 8
#define SIZEOF_LONG_DOUBLE 16
#define HAVE_LONG_DOUBLE 1
#define SYMBOL_UNDERSCORE 1
#define FFI_MMAP_EXEC_WRIT 1
#define EH_FRAME_FLAGS "aw"

configure: exit 0
